<?xml version="1.0" encoding="UTF-8"?>
<testng-results ignored="0" total="1" passed="1" failed="0" skipped="0">
  <reporter-output>
  </reporter-output>
  <suite started-at="2024-06-27T14:02:46 IST" name="Default suite" finished-at="2024-06-27T14:03:15 IST" duration-ms="29255">
    <groups>
      <group name="cucumber">
        <method signature="AbstractTestNGCucumberTests.runScenario(io.cucumber.testng.PickleWrapper,io.cucumber.testng.FeatureWrapper)[pri:0, instance:testRunner.Runner@1bb5a082]" name="runScenario" class="io.cucumber.testng.AbstractTestNGCucumberTests"/>
      </group> <!-- cucumber -->
    </groups>
    <test started-at="2024-06-27T14:02:46 IST" name="Default test" finished-at="2024-06-27T14:03:15 IST" duration-ms="29255">
      <class name="testRunner.Runner">
        <test-method is-config="true" signature="setUpClass(org.testng.ITestContext)[pri:0, instance:testRunner.Runner@1bb5a082]" started-at="2024-06-27T14:02:46 IST" name="setUpClass" finished-at="2024-06-27T14:02:46 IST" duration-ms="285" status="PASS">
          <params>
            <param index="0">
              <value>
                <![CDATA[org.testng.TestRunner@4375b013]]>
              </value>
            </param>
          </params>
          <reporter-output>
          </reporter-output>
        </test-method> <!-- setUpClass -->
        <test-method is-config="true" signature="setup()[pri:0, instance:testRunner.Runner@1bb5a082]" started-at="2024-06-27T14:02:46 IST" name="setup" finished-at="2024-06-27T14:02:49 IST" duration-ms="2781" status="PASS">
          <reporter-output>
          </reporter-output>
        </test-method> <!-- setup -->
        <test-method signature="runScenario(io.cucumber.testng.PickleWrapper,io.cucumber.testng.FeatureWrapper)[pri:0, instance:testRunner.Runner@1bb5a082]" started-at="2024-06-27T14:02:49 IST" name="runScenario" description="Runs Cucumber Scenarios" data-provider="scenarios" finished-at="2024-06-27T14:03:15 IST" duration-ms="26007" status="PASS">
          <params>
            <param index="0">
              <value>
                <![CDATA["verify login function of Sauce Demo"]]>
              </value>
            </param>
            <param index="1">
              <value>
                <![CDATA["Verify login functionality of Sauce Demo"]]>
              </value>
            </param>
          </params>
          <reporter-output>
          </reporter-output>
        </test-method> <!-- runScenario -->
        <test-method is-config="true" signature="teardown()[pri:0, instance:testRunner.Runner@1bb5a082]" started-at="2024-06-27T14:03:15 IST" name="teardown" finished-at="2024-06-27T14:03:15 IST" duration-ms="151" status="PASS">
          <reporter-output>
          </reporter-output>
        </test-method> <!-- teardown -->
        <test-method is-config="true" signature="tearDownClass()[pri:0, instance:testRunner.Runner@1bb5a082]" started-at="2024-06-27T14:03:15 IST" name="tearDownClass" finished-at="2024-06-27T14:03:15 IST" duration-ms="12" status="PASS">
          <reporter-output>
          </reporter-output>
        </test-method> <!-- tearDownClass -->
      </class> <!-- testRunner.Runner -->
    </test> <!-- Default test -->
  </suite> <!-- Default suite -->
</testng-results>
