<?xml version="1.0" encoding="UTF-8"?>
<testng-results ignored="0" total="2" passed="2" failed="0" skipped="0">
  <reporter-output>
  </reporter-output>
  <suite started-at="2024-06-26T15:52:35 IST" name="Default suite" finished-at="2024-06-26T15:53:02 IST" duration-ms="27495">
    <groups>
      <group name="cucumber">
        <method signature="AbstractTestNGCucumberTests.runScenario(io.cucumber.testng.PickleWrapper,io.cucumber.testng.FeatureWrapper)[pri:0, instance:testRunner.Runner@3e694b3f]" name="runScenario" class="io.cucumber.testng.AbstractTestNGCucumberTests"/>
      </group> <!-- cucumber -->
    </groups>
    <test started-at="2024-06-26T15:52:35 IST" name="Default test" finished-at="2024-06-26T15:53:02 IST" duration-ms="27495">
      <class name="testRunner.Runner">
        <test-method is-config="true" signature="setUpClass(org.testng.ITestContext)[pri:0, instance:testRunner.Runner@3e694b3f]" started-at="2024-06-26T15:52:35 IST" name="setUpClass" finished-at="2024-06-26T15:52:35 IST" duration-ms="291" status="PASS">
          <params>
            <param index="0">
              <value>
                <![CDATA[org.testng.TestRunner@7ff35a3f]]>
              </value>
            </param>
          </params>
          <reporter-output>
          </reporter-output>
        </test-method> <!-- setUpClass -->
        <test-method is-config="true" signature="setup()[pri:0, instance:testRunner.Runner@3e694b3f]" started-at="2024-06-26T15:52:35 IST" name="setup" finished-at="2024-06-26T15:52:38 IST" duration-ms="2774" status="PASS">
          <reporter-output>
          </reporter-output>
        </test-method> <!-- setup -->
        <test-method signature="runScenario(io.cucumber.testng.PickleWrapper,io.cucumber.testng.FeatureWrapper)[pri:0, instance:testRunner.Runner@3e694b3f]" started-at="2024-06-26T15:52:38 IST" name="runScenario" description="Runs Cucumber Scenarios" data-provider="scenarios" finished-at="2024-06-26T15:52:51 IST" duration-ms="13610" status="PASS">
          <params>
            <param index="0">
              <value>
                <![CDATA["verify login function of Sauce Demo"]]>
              </value>
            </param>
            <param index="1">
              <value>
                <![CDATA["Verify login functionality of Sauce Demo"]]>
              </value>
            </param>
          </params>
          <reporter-output>
          </reporter-output>
        </test-method> <!-- runScenario -->
        <test-method signature="runScenario(io.cucumber.testng.PickleWrapper,io.cucumber.testng.FeatureWrapper)[pri:0, instance:testRunner.Runner@3e694b3f]" started-at="2024-06-26T15:52:51 IST" name="runScenario" description="Runs Cucumber Scenarios" data-provider="scenarios" finished-at="2024-06-26T15:53:02 IST" duration-ms="10481" status="PASS">
          <params>
            <param index="0">
              <value>
                <![CDATA["verify login function of Sauce Demo"]]>
              </value>
            </param>
            <param index="1">
              <value>
                <![CDATA["Verify login functionality of Sauce Demo"]]>
              </value>
            </param>
          </params>
          <reporter-output>
          </reporter-output>
        </test-method> <!-- runScenario -->
        <test-method is-config="true" signature="teardown()[pri:0, instance:testRunner.Runner@3e694b3f]" started-at="2024-06-26T15:53:02 IST" name="teardown" finished-at="2024-06-26T15:53:02 IST" duration-ms="300" status="PASS">
          <reporter-output>
          </reporter-output>
        </test-method> <!-- teardown -->
        <test-method is-config="true" signature="tearDownClass()[pri:0, instance:testRunner.Runner@3e694b3f]" started-at="2024-06-26T15:53:02 IST" name="tearDownClass" finished-at="2024-06-26T15:53:02 IST" duration-ms="23" status="PASS">
          <reporter-output>
          </reporter-output>
        </test-method> <!-- tearDownClass -->
      </class> <!-- testRunner.Runner -->
    </test> <!-- Default test -->
  </suite> <!-- Default suite -->
</testng-results>
