<?xml version="1.0" encoding="UTF-8"?>
<!-- Generated by org.testng.reporters.JUnitXMLReporter -->
<testsuite ignored="0" hostname="PPG-3RC2R14" failures="0" tests="2" name="Default test" time="27.495" errors="0" timestamp="2024-06-26T15:53:02 IST">
  <testcase classname="io.cucumber.testng.AbstractTestNGCucumberTests" name="runScenario" time="13.61"/>
  <testcase classname="io.cucumber.testng.AbstractTestNGCucumberTests" name="runScenario" time="10.481"/>
</testsuite> <!-- Default test -->
